This file contains any messages produced by compilers while
running configure, to aid debugging if configure makes a mistake.

It was created by libwebp configure 1.1.0, which was
generated by GNU Autoconf 2.69.  Invocation command line was

  $ ./configure --host=i386-apple-darwin --prefix=/Users/cemkozinoglu/Documents/webp-catalyst/libwebp-1.1.0/iosbuild/iPhoneSimulator iPhoneSimulator64 iPhoneOS-V7 iPhoneOS-V7s iPhoneOS-V7-arm64 Catalyst-13.6-i386 --build=x86_64-apple-darwin19.6.0 --disable-shared --enable-static --enable-libwebpmux --enable-libwebpdemux --enable-swap-16bit-csp CFLAGS=-arch i386 -pipe -isysroot /Applications/Xcode.app/Contents/Developer/Platforms/iPhoneSimulator iPhoneSimulator64 iPhoneOS-V7 iPhoneOS-V7s iPhoneOS-V7-arm64 Catalyst.platform/Developer/SDKs/iPhoneSimulator iPhoneSimulator64 iPhoneOS-V7 iPhoneOS-V7s iPhoneOS-V7-arm64 Catalyst13.6.sdk/ -O3 -DNDEBUG -miphoneos-version-min=6.0 -fembed-bitcode -target 

## --------- ##
## Platform. ##
## --------- ##

hostname = Cems-MacBook-Pro.local
uname -m = x86_64
uname -r = 19.6.0
uname -s = Darwin
uname -v = Darwin Kernel Version 19.6.0: Sun Jul  5 00:43:10 PDT 2020; root:xnu-6153.141.1~9/RELEASE_X86_64

/usr/bin/uname -p = i386
/bin/uname -X     = unknown

/bin/arch              = unknown
/usr/bin/arch -k       = unknown
/usr/convex/getsysinfo = unknown
/usr/bin/hostinfo      = Mach kernel version:
	 Darwin Kernel Version 19.6.0: Sun Jul  5 00:43:10 PDT 2020; root:xnu-6153.141.1~9/RELEASE_X86_64
Kernel configured for up to 16 processors.
8 processors are physically available.
16 processors are logically available.
Processor type: x86_64h (Intel x86-64h Haswell)
Processors active: 0 1 2 3 4 5 6 7 8 9 10 11 12 13 14 15
Primary memory available: 64.00 gigabytes
Default processor set: 510 tasks, 2983 threads, 16 processors
Load average: 2.52, Mach factor: 13.47
/bin/machine           = unknown
/usr/bin/oslevel       = unknown
/bin/universe          = unknown

PATH: /Applications/Xcode.app/Contents/Developer/Toolchains/XcodeDefault.xctoolchain/usr/bin
PATH: /Users/cemkozinoglu/.npm-global/bin
PATH: /usr/local/bin
PATH: /usr/bin
PATH: /bin
PATH: /usr/sbin
PATH: /sbin
PATH: /Library/Apple/usr/bin


## ----------- ##
## Core tests. ##
## ----------- ##

configure:2381: checking build system type
configure:2395: result: x86_64-apple-darwin19.6.0
configure:2415: checking host system type
configure:2428: result: i386-apple-darwin
configure:2465: checking for a BSD-compatible install
configure:2533: result: /usr/bin/install -c
configure:2544: checking whether build environment is sane
configure:2599: result: yes
configure:2658: checking for i386-apple-darwin-strip
configure:2688: result: no
configure:2698: checking for strip
configure:2714: found /Applications/Xcode.app/Contents/Developer/Toolchains/XcodeDefault.xctoolchain/usr/bin/strip
configure:2725: result: strip
configure:2737: WARNING: using cross tools not prefixed with host triplet
configure:2750: checking for a thread-safe mkdir -p
configure:2789: result: ./install-sh -c -d
configure:2796: checking for gawk
configure:2826: result: no
configure:2796: checking for mawk
configure:2826: result: no
configure:2796: checking for nawk
configure:2826: result: no
configure:2796: checking for awk
configure:2812: found /usr/bin/awk
configure:2823: result: awk
configure:2834: checking whether make sets $(MAKE)
configure:2856: result: yes
configure:2885: checking whether make supports nested variables
configure:2902: result: yes
configure:3033: checking whether make supports the include directive
configure:3048: make -f confmf.GNU && cat confinc.out
this is the am__doit target
configure:3051: $? = 0
configure:3070: result: yes (GNU style)
configure:3100: checking for i386-apple-darwin-gcc
configure:3130: result: no
configure:3140: checking for gcc
configure:3156: found /usr/bin/gcc
configure:3167: result: gcc
configure:3396: checking for C compiler version
configure:3405: gcc --version >&5
Apple clang version 11.0.3 (clang-1103.0.32.62)
Target: x86_64-apple-darwin19.6.0
Thread model: posix
InstalledDir: /Applications/Xcode.app/Contents/Developer/Toolchains/XcodeDefault.xctoolchain/usr/bin
Configured with: --prefix=/Applications/Xcode.app/Contents/Developer/usr --with-gxx-include-dir=/Applications/Xcode.app/Contents/Developer/Platforms/MacOSX.platform/Developer/SDKs/MacOSX.sdk/usr/include/c++/4.2.1
configure:3416: $? = 0
configure:3405: gcc -v >&5
Configured with: --prefix=/Applications/Xcode.app/Contents/Developer/usr --with-gxx-include-dir=/Applications/Xcode.app/Contents/Developer/Platforms/MacOSX.platform/Developer/SDKs/MacOSX.sdk/usr/include/c++/4.2.1
Apple clang version 11.0.3 (clang-1103.0.32.62)
Target: x86_64-apple-darwin19.6.0
Thread model: posix
InstalledDir: /Applications/Xcode.app/Contents/Developer/Toolchains/XcodeDefault.xctoolchain/usr/bin
configure:3416: $? = 0
configure:3405: gcc -V >&5
clang: error: unsupported option '-V -Wno-objc-signed-char-bool-implicit-int-conversion'
clang: error: no input files
configure:3416: $? = 1
configure:3405: gcc -qversion >&5
clang: error: unknown argument '-qversion'; did you mean '--version'?
clang: error: no input files
configure:3416: $? = 1
configure:3436: checking whether the C compiler works
configure:3458: gcc -arch i386 -pipe -isysroot /Applications/Xcode.app/Contents/Developer/Platforms/iPhoneSimulator iPhoneSimulator64 iPhoneOS-V7 iPhoneOS-V7s iPhoneOS-V7-arm64 Catalyst.platform/Developer/SDKs/iPhoneSimulator iPhoneSimulator64 iPhoneOS-V7 iPhoneOS-V7s iPhoneOS-V7-arm64 Catalyst13.6.sdk/ -O3 -DNDEBUG -miphoneos-version-min=6.0 -fembed-bitcode -target    conftest.c  >&5
clang: error: no such file or directory: 'iPhoneSimulator64'
clang: error: no such file or directory: 'iPhoneOS-V7'
clang: error: no such file or directory: 'iPhoneOS-V7s'
clang: error: no such file or directory: 'iPhoneOS-V7-arm64'
clang: error: no such file or directory: 'Catalyst.platform/Developer/SDKs/iPhoneSimulator'
clang: error: no such file or directory: 'iPhoneSimulator64'
clang: error: no such file or directory: 'iPhoneOS-V7'
clang: error: no such file or directory: 'iPhoneOS-V7s'
clang: error: no such file or directory: 'iPhoneOS-V7-arm64'
clang: error: no such file or directory: 'Catalyst13.6.sdk/'
clang: error: no input files
configure:3462: $? = 1
configure:3500: result: no
configure: failed program was:
| /* confdefs.h */
| #define PACKAGE_NAME "libwebp"
| #define PACKAGE_TARNAME "libwebp"
| #define PACKAGE_VERSION "1.1.0"
| #define PACKAGE_STRING "libwebp 1.1.0"
| #define PACKAGE_BUGREPORT "https://bugs.chromium.org/p/webp"
| #define PACKAGE_URL "http://developers.google.com/speed/webp"
| #define PACKAGE "libwebp"
| #define VERSION "1.1.0"
| /* end confdefs.h.  */
| 
| int
| main ()
| {
| 
|   ;
|   return 0;
| }
configure:3505: error: in `/Users/cemkozinoglu/Documents/webp-catalyst/libwebp-1.1.0':
configure:3507: error: C compiler cannot create executables
See `config.log' for more details

## ---------------- ##
## Cache variables. ##
## ---------------- ##

ac_cv_build=x86_64-apple-darwin19.6.0
ac_cv_env_CC_set=
ac_cv_env_CC_value=
ac_cv_env_CFLAGS_set=set
ac_cv_env_CFLAGS_value='-arch i386 -pipe -isysroot /Applications/Xcode.app/Contents/Developer/Platforms/iPhoneSimulator iPhoneSimulator64 iPhoneOS-V7 iPhoneOS-V7s iPhoneOS-V7-arm64 Catalyst.platform/Developer/SDKs/iPhoneSimulator iPhoneSimulator64 iPhoneOS-V7 iPhoneOS-V7s iPhoneOS-V7-arm64 Catalyst13.6.sdk/ -O3 -DNDEBUG -miphoneos-version-min=6.0 -fembed-bitcode -target '
ac_cv_env_CPPFLAGS_set=
ac_cv_env_CPPFLAGS_value=
ac_cv_env_CPP_set=
ac_cv_env_CPP_value=
ac_cv_env_LDFLAGS_set=
ac_cv_env_LDFLAGS_value=
ac_cv_env_LIBS_set=
ac_cv_env_LIBS_value=
ac_cv_env_LT_SYS_LIBRARY_PATH_set=
ac_cv_env_LT_SYS_LIBRARY_PATH_value=
ac_cv_env_build_alias_set=set
ac_cv_env_build_alias_value=x86_64-apple-darwin19.6.0
ac_cv_env_host_alias_set=set
ac_cv_env_host_alias_value=i386-apple-darwin
ac_cv_env_target_alias_set=
ac_cv_env_target_alias_value=
ac_cv_host=i386-apple-darwin
ac_cv_path_install='/usr/bin/install -c'
ac_cv_prog_AWK=awk
ac_cv_prog_ac_ct_CC=gcc
ac_cv_prog_ac_ct_STRIP=strip
ac_cv_prog_make_make_set=yes
am_cv_make_support_nested_variables=yes

## ----------------- ##
## Output variables. ##
## ----------------- ##

ACLOCAL='${SHELL} /Users/cemkozinoglu/Documents/webp-catalyst/libwebp-1.1.0/missing aclocal-1.16'
AMDEPBACKSLASH='\'
AMDEP_FALSE='#'
AMDEP_TRUE=''
AMTAR='$${TAR-tar}'
AM_BACKSLASH='\'
AM_CFLAGS=''
AM_CPPFLAGS=''
AM_DEFAULT_V='$(AM_DEFAULT_VERBOSITY)'
AM_DEFAULT_VERBOSITY='1'
AM_V='$(V)'
AR=''
AUTOCONF='${SHELL} /Users/cemkozinoglu/Documents/webp-catalyst/libwebp-1.1.0/missing autoconf'
AUTOHEADER='${SHELL} /Users/cemkozinoglu/Documents/webp-catalyst/libwebp-1.1.0/missing autoheader'
AUTOMAKE='${SHELL} /Users/cemkozinoglu/Documents/webp-catalyst/libwebp-1.1.0/missing automake-1.16'
AWK='awk'
BUILD_ANIMDIFF_FALSE=''
BUILD_ANIMDIFF_TRUE=''
BUILD_DEMUX_FALSE=''
BUILD_DEMUX_TRUE=''
BUILD_EXTRAS_FALSE=''
BUILD_EXTRAS_TRUE=''
BUILD_GIF2WEBP_FALSE=''
BUILD_GIF2WEBP_TRUE=''
BUILD_IMG2WEBP_FALSE=''
BUILD_IMG2WEBP_TRUE=''
BUILD_LIBWEBPDECODER_FALSE=''
BUILD_LIBWEBPDECODER_TRUE=''
BUILD_MUX_FALSE=''
BUILD_MUX_TRUE=''
BUILD_VWEBP_FALSE=''
BUILD_VWEBP_SDL_FALSE=''
BUILD_VWEBP_SDL_TRUE=''
BUILD_VWEBP_TRUE=''
BUILD_WEBPINFO_FALSE=''
BUILD_WEBPINFO_TRUE=''
CC='gcc'
CCDEPMODE=''
CFLAGS='-arch i386 -pipe -isysroot /Applications/Xcode.app/Contents/Developer/Platforms/iPhoneSimulator iPhoneSimulator64 iPhoneOS-V7 iPhoneOS-V7s iPhoneOS-V7-arm64 Catalyst.platform/Developer/SDKs/iPhoneSimulator iPhoneSimulator64 iPhoneOS-V7 iPhoneOS-V7s iPhoneOS-V7-arm64 Catalyst13.6.sdk/ -O3 -DNDEBUG -miphoneos-version-min=6.0 -fembed-bitcode -target '
CPP=''
CPPFLAGS=''
CYGPATH_W='echo'
DEFS=''
DEPDIR='.deps'
DLLTOOL=''
DSYMUTIL=''
DUMPBIN=''
ECHO_C='\c'
ECHO_N=''
ECHO_T=''
EGREP=''
EXEEXT=''
FGREP=''
GIF_INCLUDES=''
GIF_LIBS=''
GL_INCLUDES=''
GL_LIBS=''
GREP=''
INSTALL_DATA='${INSTALL} -m 644'
INSTALL_PROGRAM='${INSTALL}'
INSTALL_SCRIPT='${INSTALL}'
INSTALL_STRIP_PROGRAM='$(install_sh) -c -s'
JPEG_INCLUDES=''
JPEG_LIBS=''
LD=''
LDFLAGS=''
LIBOBJS=''
LIBPNG_CONFIG=''
LIBS=''
LIBSDL_CONFIG=''
LIBTOOL=''
LIPO=''
LN_S=''
LTLIBOBJS=''
LT_SYS_LIBRARY_PATH=''
MAKEINFO='${SHELL} /Users/cemkozinoglu/Documents/webp-catalyst/libwebp-1.1.0/missing makeinfo'
MANIFEST_TOOL=''
MKDIR_P='./install-sh -c -d'
NEON_FLAGS=''
NM=''
NMEDIT=''
OBJDUMP=''
OBJEXT=''
OTOOL64=''
OTOOL=''
PACKAGE='libwebp'
PACKAGE_BUGREPORT='https://bugs.chromium.org/p/webp'
PACKAGE_NAME='libwebp'
PACKAGE_STRING='libwebp 1.1.0'
PACKAGE_TARNAME='libwebp'
PACKAGE_URL='http://developers.google.com/speed/webp'
PACKAGE_VERSION='1.1.0'
PATH_SEPARATOR=':'
PNG_INCLUDES=''
PNG_LIBS=''
PTHREAD_CC=''
PTHREAD_CFLAGS=''
PTHREAD_LIBS=''
RANLIB=''
SDL_INCLUDES=''
SDL_LIBS=''
SED=''
SET_MAKE=''
SHELL='/bin/sh'
SSE2_FLAGS=''
SSE41_FLAGS=''
STRIP='strip'
TIFF_INCLUDES=''
TIFF_LIBS=''
USE_SWAP_16BIT_CSP=''
VERSION='1.1.0'
ac_ct_AR=''
ac_ct_CC='gcc'
ac_ct_DUMPBIN=''
am__EXEEXT_FALSE=''
am__EXEEXT_TRUE=''
am__fastdepCC_FALSE=''
am__fastdepCC_TRUE=''
am__include='include'
am__isrc=''
am__leading_dot='.'
am__nodep='_no'
am__quote=''
am__tar='$${TAR-tar} chof - "$$tardir"'
am__untar='$${TAR-tar} xf -'
ax_pthread_config=''
bindir='${exec_prefix}/bin'
build='x86_64-apple-darwin19.6.0'
build_alias='x86_64-apple-darwin19.6.0'
build_cpu='x86_64'
build_os='darwin19.6.0'
build_vendor='apple'
datadir='${datarootdir}'
datarootdir='${prefix}/share'
docdir='${datarootdir}/doc/${PACKAGE_TARNAME}'
dvidir='${docdir}'
exec_prefix='NONE'
host='i386-apple-darwin'
host_alias='i386-apple-darwin'
host_cpu='i386'
host_os='darwin'
host_vendor='apple'
htmldir='${docdir}'
includedir='${prefix}/include'
infodir='${datarootdir}/info'
install_sh='${SHELL} /Users/cemkozinoglu/Documents/webp-catalyst/libwebp-1.1.0/install-sh'
libdir='${exec_prefix}/lib'
libexecdir='${exec_prefix}/libexec'
localedir='${datarootdir}/locale'
localstatedir='${prefix}/var'
mandir='${datarootdir}/man'
mkdir_p='$(MKDIR_P)'
oldincludedir='/usr/include'
pdfdir='${docdir}'
pkgconfigdir=''
prefix='/Users/cemkozinoglu/Documents/webp-catalyst/libwebp-1.1.0/iosbuild/iPhoneSimulator iPhoneSimulator64 iPhoneOS-V7 iPhoneOS-V7s iPhoneOS-V7-arm64 Catalyst-13.6-i386'
program_transform_name='s,x,x,'
psdir='${docdir}'
runstatedir='${localstatedir}/run'
sbindir='${exec_prefix}/sbin'
sharedstatedir='${prefix}/com'
sysconfdir='${prefix}/etc'
target_alias=''

## ----------- ##
## confdefs.h. ##
## ----------- ##

/* confdefs.h */
#define PACKAGE_NAME "libwebp"
#define PACKAGE_TARNAME "libwebp"
#define PACKAGE_VERSION "1.1.0"
#define PACKAGE_STRING "libwebp 1.1.0"
#define PACKAGE_BUGREPORT "https://bugs.chromium.org/p/webp"
#define PACKAGE_URL "http://developers.google.com/speed/webp"
#define PACKAGE "libwebp"
#define VERSION "1.1.0"

configure: exit 77
